{"/Users/bhavinp/Workspace/DemoProjects/locationdetector/App.js": {"path":"/Users/bhavinp/Workspace/DemoProjects/locationdetector/App.js","statementMap":{"0":{"start":{"line":11,"column":12},"end":{"line":11,"column":38}},"1":{"start":{"line":14,"column":2},"end":{"line":31,"column":4}}},"fnMap":{"0":{"name":"App","decl":{"start":{"line":13,"column":24},"end":{"line":13,"column":27}},"loc":{"start":{"line":13,"column":30},"end":{"line":32,"column":1}},"line":13}},"branchMap":{},"s":{"0":0,"1":0},"f":{"0":0},"b":{}}
}
